-------------------------------------------------------------------------------
Test set: com.example.demo.pacts.provider.ControllerOneContractTest
-------------------------------------------------------------------------------
Tests run: 2, Failures: 1, Errors: 0, Skipped: 0, Time elapsed: 0.029 s <<< FAILURE! -- in com.example.demo.pacts.provider.ControllerOneContractTest
com.example.demo.pacts.provider.ControllerOneContractTest.pacTestTemplate(PactVerificationContext)[1] -- Time elapsed: 0.009 s <<< FAILURE!
java.lang.AssertionError: Provider state change callback failed
	at au.com.dius.pact.provider.junit5.PactVerificationStateChangeExtension.beforeTestExecution(PactVerificationStateChangeExtension.kt:53)
	at java.base/java.util.stream.ForEachOps$ForEachOp$OfRef.accept(ForEachOps.java:183)
	at java.base/java.util.stream.ReferencePipeline$3$1.accept(ReferencePipeline.java:197)
	at java.base/java.util.stream.ReferencePipeline$2$1.accept(ReferencePipeline.java:179)
	at java.base/java.util.stream.ReferencePipeline$3$1.accept(ReferencePipeline.java:197)
	at java.base/java.util.ArrayList$ArrayListSpliterator.forEachRemaining(ArrayList.java:1625)
	at java.base/java.util.stream.ReferencePipeline$Head.forEach(ReferencePipeline.java:762)
	at java.base/java.util.stream.ReferencePipeline$7$1.accept(ReferencePipeline.java:276)
	at java.base/java.util.ArrayList$ArrayListSpliterator.forEachRemaining(ArrayList.java:1625)
	at java.base/java.util.stream.AbstractPipeline.copyInto(AbstractPipeline.java:509)
	at java.base/java.util.stream.AbstractPipeline.wrapAndCopyInto(AbstractPipeline.java:499)
	at java.base/java.util.stream.ForEachOps$ForEachOp.evaluateSequential(ForEachOps.java:150)
	at java.base/java.util.stream.ForEachOps$ForEachOp$OfRef.evaluateSequential(ForEachOps.java:173)
	at java.base/java.util.stream.AbstractPipeline.evaluate(AbstractPipeline.java:234)
	at java.base/java.util.stream.ReferencePipeline.forEach(ReferencePipeline.java:596)
	at java.base/java.util.ArrayList.forEach(ArrayList.java:1511)
	at java.base/java.util.ArrayList.forEach(ArrayList.java:1511)
	Suppressed: java.lang.AssertionError: Provider state change callback failed
		at au.com.dius.pact.provider.junit5.PactVerificationStateChangeExtension.afterTestExecution(PactVerificationStateChangeExtension.kt:77)
		... 16 more
	Caused by: au.com.dius.pact.provider.junitsupport.MissingStateChangeMethod: Did not find a test class method annotated with @State("retrieving a pact two") 
for Interaction "a pact" 
with Consumer "dummy-consumer-java11oK"
		at au.com.dius.pact.provider.junit5.PactVerificationStateChangeExtension.invokeStateChangeMethods(PactVerificationStateChangeExtension.kt:127)
		at au.com.dius.pact.provider.junit5.PactVerificationStateChangeExtension.afterTestExecution(PactVerificationStateChangeExtension.kt:64)
		... 16 more
Caused by: au.com.dius.pact.provider.junitsupport.MissingStateChangeMethod: Did not find a test class method annotated with @State("retrieving a pact two") 
for Interaction "a pact" 
with Consumer "dummy-consumer-java11oK"
	at au.com.dius.pact.provider.junit5.PactVerificationStateChangeExtension.invokeStateChangeMethods(PactVerificationStateChangeExtension.kt:127)
	at au.com.dius.pact.provider.junit5.PactVerificationStateChangeExtension.beforeTestExecution(PactVerificationStateChangeExtension.kt:38)
	... 16 more

